<?xml version="1.0" encoding="UTF-8"?>
<!-- Generated by org.testng.reporters.JUnitReportReporter -->
<testsuite skipped="0" hostname="BLT52" name="demo.ParallelExecution" tests="3" failures="0" timestamp="18 Feb 2020 04:15:13 GMT" time="0.024" errors="0">
  <testcase name="testCase1" time="0.018" classname="demo.ParallelExecution"/>
  <testcase name="testCase2" time="0.002" classname="demo.ParallelExecution"/>
  <testcase name="testCase3" time="0.004" classname="demo.ParallelExecution"/>
</testsuite> <!-- demo.ParallelExecution -->
