<?xml version="1.0" encoding="UTF-8"?>
<!-- Generated by org.testng.reporters.JUnitReportReporter -->
<testsuite skipped="0" hostname="BLT52" name="testngDemo.PrioritytestCase" tests="3" failures="0" timestamp="17 Feb 2020 10:48:11 GMT" time="0.064" errors="0">
  <testcase name="testCase3" time="0.016" classname="testngDemo.PrioritytestCase"/>
  <testcase name="testCase1" time="0.015" classname="testngDemo.PrioritytestCase"/>
  <testcase name="testCase2" time="0.033" classname="testngDemo.PrioritytestCase"/>
</testsuite> <!-- testngDemo.PrioritytestCase -->
