<?xml version="1.0" encoding="UTF-8"?>
<!-- Generated by org.testng.reporters.JUnitReportReporter -->
<testsuite skipped="0" hostname="BLT52" name="testngDemo.Excellogin" tests="1" failures="0" timestamp="18 Feb 2020 11:07:26 GMT" time="101.296" errors="0">
  <testcase name="excel" time="101.296" classname="testngDemo.Excellogin"/>
</testsuite> <!-- testngDemo.Excellogin -->
