<?xml version="1.0" encoding="UTF-8"?>
<!-- Generated by org.testng.reporters.JUnitReportReporter -->
<testsuite skipped="0" hostname="BLT52" name="demo.ParallelExecution1" tests="3" failures="0" timestamp="18 Feb 2020 04:15:13 GMT" time="0.016" errors="0">
  <testcase name="testCase5" time="0.008" classname="demo.ParallelExecution1"/>
  <testcase name="testCase4" time="0.002" classname="demo.ParallelExecution1"/>
  <testcase name="testCase6" time="0.006" classname="demo.ParallelExecution1"/>
</testsuite> <!-- demo.ParallelExecution1 -->
