<?xml version="1.0" encoding="UTF-8"?>
<!-- Generated by org.testng.reporters.JUnitReportReporter -->
<testsuite skipped="0" hostname="BLT52" name="testngDemo.Sampletestcase" tests="3" failures="0" timestamp="18 Feb 2020 04:05:21 GMT" time="0.016" errors="0">
  <testcase name="testCase3" time="0.004" classname="testngDemo.Sampletestcase"/>
  <testcase name="testCase1" time="0.009" classname="testngDemo.Sampletestcase"/>
  <testcase name="testCase2" time="0.003" classname="testngDemo.Sampletestcase"/>
</testsuite> <!-- testngDemo.Sampletestcase -->
