<?xml version="1.0" encoding="UTF-8"?>
<!-- Generated by org.testng.reporters.JUnitReportReporter -->
<testsuite skipped="0" hostname="BLT52" name="demo.DependsonGroups" tests="1" failures="0" timestamp="19 Feb 2020 04:26:29 GMT" time="0.016" errors="0">
  <testcase name="logIn" time="0.016" classname="demo.DependsonGroups"/>
</testsuite> <!-- demo.DependsonGroups -->
